<?xml version="1.0" encoding="UTF-8"?>
<robot generator="Robot 6.0.2 (Python 3.10.0 on win32)" generated="20230802 22:48:18.917" rpa="false" schemaversion="3">
<suite id="s1" name="Robotvscode" source="D:\Web Automation using Robot Framework\robotvscode">
<suite id="s1-s1" name="Test Cases" source="D:\Web Automation using Robot Framework\robotvscode\test_cases">
<suite id="s1-s1-s1" name="handlingTables" source="D:\Web Automation using Robot Framework\robotvscode\test_cases\handlingTables.robot">
<test id="s1-s1-s1-t1" name="Test Handling Table" line="39">
<kw name="Open Browser" library="SeleniumLibrary">
<arg>${url}</arg>
<arg>${browser}</arg>
<doc>Opens a new browser instance to the optional ``url``.</doc>
<msg timestamp="20230802 22:48:19.132" level="INFO">Opening browser 'chrome' to base url 'https://testautomationpractice.blogspot.com/'.</msg>
<status status="PASS" starttime="20230802 22:48:19.132" endtime="20230802 22:48:24.872"/>
</kw>
<kw name="Maximize Browser Window" library="SeleniumLibrary">
<doc>Maximizes current browser window.</doc>
<status status="PASS" starttime="20230802 22:48:24.873" endtime="20230802 22:48:24.995"/>
</kw>
<kw name="Get Element Count" library="SeleniumLibrary">
<var>${number_of_rows}</var>
<arg>${tableRow}</arg>
<doc>Returns the number of elements matching ``locator``.</doc>
<msg timestamp="20230802 22:48:25.025" level="INFO">${number_of_rows} = 7</msg>
<status status="PASS" starttime="20230802 22:48:24.996" endtime="20230802 22:48:25.026"/>
</kw>
<kw name="Get Element Count" library="SeleniumLibrary">
<var>${number_of_columns}</var>
<arg>${tableColumn}</arg>
<doc>Returns the number of elements matching ``locator``.</doc>
<msg timestamp="20230802 22:48:25.066" level="INFO">${number_of_columns} = 4</msg>
<status status="PASS" starttime="20230802 22:48:25.029" endtime="20230802 22:48:25.068"/>
</kw>
<kw name="Log To Console" library="BuiltIn">
<arg>${number_of_columns} ${number_of_rows}</arg>
<doc>Logs the given message to the console.</doc>
<status status="PASS" starttime="20230802 22:48:25.072" endtime="20230802 22:48:25.075"/>
</kw>
<for flavor="IN RANGE">
<var>${i}</var>
<value>2</value>
<value>${number_of_rows}</value>
<iter>
<var name="${i}">2</var>
<kw name="Get Text" library="SeleniumLibrary">
<var>${data}</var>
<arg>//table[@name='BookTable']/tbody/tr[${i}]/td[1]</arg>
<doc>Returns the text value of the element identified by ``locator``.</doc>
<msg timestamp="20230802 22:48:25.141" level="INFO">${data} = Learn Selenium</msg>
<status status="PASS" starttime="20230802 22:48:25.082" endtime="20230802 22:48:25.141"/>
</kw>
<kw name="Log To Console" library="BuiltIn">
<arg>${data}</arg>
<doc>Logs the given message to the console.</doc>
<status status="PASS" starttime="20230802 22:48:25.141" endtime="20230802 22:48:25.144"/>
</kw>
<status status="PASS" starttime="20230802 22:48:25.080" endtime="20230802 22:48:25.144"/>
</iter>
<iter>
<var name="${i}">3</var>
<kw name="Get Text" library="SeleniumLibrary">
<var>${data}</var>
<arg>//table[@name='BookTable']/tbody/tr[${i}]/td[1]</arg>
<doc>Returns the text value of the element identified by ``locator``.</doc>
<msg timestamp="20230802 22:48:25.187" level="INFO">${data} = Learn Java</msg>
<status status="PASS" starttime="20230802 22:48:25.146" endtime="20230802 22:48:25.188"/>
</kw>
<kw name="Log To Console" library="BuiltIn">
<arg>${data}</arg>
<doc>Logs the given message to the console.</doc>
<status status="PASS" starttime="20230802 22:48:25.188" endtime="20230802 22:48:25.189"/>
</kw>
<status status="PASS" starttime="20230802 22:48:25.145" endtime="20230802 22:48:25.189"/>
</iter>
<iter>
<var name="${i}">4</var>
<kw name="Get Text" library="SeleniumLibrary">
<var>${data}</var>
<arg>//table[@name='BookTable']/tbody/tr[${i}]/td[1]</arg>
<doc>Returns the text value of the element identified by ``locator``.</doc>
<msg timestamp="20230802 22:48:25.229" level="INFO">${data} = Learn JS</msg>
<status status="PASS" starttime="20230802 22:48:25.190" endtime="20230802 22:48:25.229"/>
</kw>
<kw name="Log To Console" library="BuiltIn">
<arg>${data}</arg>
<doc>Logs the given message to the console.</doc>
<status status="PASS" starttime="20230802 22:48:25.230" endtime="20230802 22:48:25.233"/>
</kw>
<status status="PASS" starttime="20230802 22:48:25.190" endtime="20230802 22:48:25.233"/>
</iter>
<iter>
<var name="${i}">5</var>
<kw name="Get Text" library="SeleniumLibrary">
<var>${data}</var>
<arg>//table[@name='BookTable']/tbody/tr[${i}]/td[1]</arg>
<doc>Returns the text value of the element identified by ``locator``.</doc>
<msg timestamp="20230802 22:48:25.268" level="INFO">${data} = Master In Selenium</msg>
<status status="PASS" starttime="20230802 22:48:25.234" endtime="20230802 22:48:25.269"/>
</kw>
<kw name="Log To Console" library="BuiltIn">
<arg>${data}</arg>
<doc>Logs the given message to the console.</doc>
<status status="PASS" starttime="20230802 22:48:25.270" endtime="20230802 22:48:25.272"/>
</kw>
<status status="PASS" starttime="20230802 22:48:25.233" endtime="20230802 22:48:25.272"/>
</iter>
<iter>
<var name="${i}">6</var>
<kw name="Get Text" library="SeleniumLibrary">
<var>${data}</var>
<arg>//table[@name='BookTable']/tbody/tr[${i}]/td[1]</arg>
<doc>Returns the text value of the element identified by ``locator``.</doc>
<msg timestamp="20230802 22:48:25.308" level="INFO">${data} = Master In Java</msg>
<status status="PASS" starttime="20230802 22:48:25.272" endtime="20230802 22:48:25.309"/>
</kw>
<kw name="Log To Console" library="BuiltIn">
<arg>${data}</arg>
<doc>Logs the given message to the console.</doc>
<status status="PASS" starttime="20230802 22:48:25.309" endtime="20230802 22:48:25.313"/>
</kw>
<status status="PASS" starttime="20230802 22:48:25.272" endtime="20230802 22:48:25.313"/>
</iter>
<status status="PASS" starttime="20230802 22:48:25.076" endtime="20230802 22:48:25.313"/>
</for>
<kw name="Scroll Element Into View" library="SeleniumLibrary">
<arg>//table[@name='BookTable']</arg>
<doc>Scrolls the element identified by ``locator`` into view.</doc>
<status status="PASS" starttime="20230802 22:48:25.316" endtime="20230802 22:48:25.630"/>
</kw>
<kw name="Run Keyword And Ignore Error" library="BuiltIn">
<arg>Table Column Should Contain</arg>
<arg>//table[@name='BookTable']</arg>
<arg>1</arg>
<arg>Author</arg>
<doc>Runs the given keyword with the given arguments and ignores possible error.</doc>
<kw name="Table Column Should Contain" library="SeleniumLibrary">
<arg>//table[@name='BookTable']</arg>
<arg>1</arg>
<arg>Author</arg>
<doc>Verifies table column contains text ``expected``.</doc>
<msg timestamp="20230802 22:48:26.183" level="INFO" html="true">&lt;/td&gt;&lt;/tr&gt;&lt;tr&gt;&lt;td colspan="3"&gt;&lt;a href="selenium-screenshot-28.png"&gt;&lt;img src="selenium-screenshot-28.png" width="800px"&gt;&lt;/a&gt;</msg>
<msg timestamp="20230802 22:48:26.184" level="FAIL">Table '//table[@name='BookTable']' column 1 did not contain text 'Author'.</msg>
<status status="FAIL" starttime="20230802 22:48:25.632" endtime="20230802 22:48:26.190"/>
</kw>
<status status="PASS" starttime="20230802 22:48:25.632" endtime="20230802 22:48:26.190"/>
</kw>
<kw name="Table Row Should Contain" library="SeleniumLibrary">
<arg>//table[@name='BookTable']</arg>
<arg>1</arg>
<arg>Author</arg>
<doc>Verifies that table row contains text ``expected``.</doc>
<status status="PASS" starttime="20230802 22:48:26.191" endtime="20230802 22:48:26.264"/>
</kw>
<kw name="Run Keyword And Ignore Error" library="BuiltIn">
<arg>Table Cell Should Contain</arg>
<arg>//table[@name='BookTable']</arg>
<arg>3</arg>
<arg>5</arg>
<arg>Selenium</arg>
<doc>Runs the given keyword with the given arguments and ignores possible error.</doc>
<kw name="Table Cell Should Contain" library="SeleniumLibrary">
<arg>//table[@name='BookTable']</arg>
<arg>3</arg>
<arg>5</arg>
<arg>Selenium</arg>
<doc>Verifies table cell contains text ``expected``.</doc>
<msg timestamp="20230802 22:48:26.512" level="INFO" html="true">&lt;/td&gt;&lt;/tr&gt;&lt;tr&gt;&lt;td colspan="3"&gt;&lt;a href="selenium-screenshot-29.png"&gt;&lt;img src="selenium-screenshot-29.png" width="800px"&gt;&lt;/a&gt;</msg>
<msg timestamp="20230802 22:48:26.514" level="FAIL">Table '//table[@name='BookTable']' row 3 should have had at least 5 columns but had only 4.</msg>
<status status="FAIL" starttime="20230802 22:48:26.265" endtime="20230802 22:48:26.516"/>
</kw>
<status status="PASS" starttime="20230802 22:48:26.264" endtime="20230802 22:48:26.517"/>
</kw>
<kw name="Table Header Should Contain" library="SeleniumLibrary">
<arg>//table[@name='BookTable']</arg>
<arg>Price</arg>
<doc>Verifies table header contains text ``expected``.</doc>
<status status="PASS" starttime="20230802 22:48:26.518" endtime="20230802 22:48:26.612"/>
</kw>
<kw name="Table Should Contain" library="SeleniumLibrary">
<arg>//table[@name='BookTable']</arg>
<arg>Amod</arg>
<doc>Verifies table contains text ``expected``.</doc>
<status status="PASS" starttime="20230802 22:48:26.612" endtime="20230802 22:48:26.666"/>
</kw>
<status status="PASS" starttime="20230802 22:48:19.131" endtime="20230802 22:48:26.667"/>
</test>
<status status="PASS" starttime="20230802 22:48:18.953" endtime="20230802 22:48:26.668"/>
</suite>
<status status="PASS" starttime="20230802 22:48:18.949" endtime="20230802 22:48:26.671"/>
</suite>
<status status="PASS" starttime="20230802 22:48:18.921" endtime="20230802 22:48:26.673"/>
</suite>
<statistics>
<total>
<stat pass="1" fail="0" skip="0">All Tests</stat>
</total>
<tag>
</tag>
<suite>
<stat pass="1" fail="0" skip="0" id="s1" name="Robotvscode">Robotvscode</stat>
<stat pass="1" fail="0" skip="0" id="s1-s1" name="Test Cases">Robotvscode.Test Cases</stat>
<stat pass="1" fail="0" skip="0" id="s1-s1-s1" name="handlingTables">Robotvscode.Test Cases.handlingTables</stat>
</suite>
</statistics>
<errors>
</errors>
</robot>
