<?xml version="1.0" encoding="UTF-8"?>
<robot generator="Robot 6.0.2 (Python 3.10.0 on win32)" generated="20230710 17:46:52.570" rpa="false" schemaversion="3">
<suite id="s1" name="Robotvscode" source="D:\Web Automation using Robot Framework\robotvscode">
<suite id="s1-s1" name="Test Cases" source="D:\Web Automation using Robot Framework\robotvscode\test_cases">
<suite id="s1-s1-s1" name="ImplicitWaitTest" source="D:\Web Automation using Robot Framework\robotvscode\test_cases\ImplicitWaitTest.robot">
<test id="s1-s1-s1-t1" name="Test speed" line="15">
<kw name="Open Browser" library="SeleniumLibrary">
<arg>${url}</arg>
<arg>${browser}</arg>
<doc>Opens a new browser instance to the optional ``url``.</doc>
<msg timestamp="20230710 17:46:53.095" level="INFO">Opening browser 'chrome' to base url 'https://demowebshop.tricentis.com/register'.</msg>
<status status="PASS" starttime="20230710 17:46:53.095" endtime="20230710 17:46:56.715"/>
</kw>
<kw name="Maximize Browser Window" library="SeleniumLibrary">
<doc>Maximizes current browser window.</doc>
<status status="PASS" starttime="20230710 17:46:56.715" endtime="20230710 17:46:56.838"/>
</kw>
<kw name="Get Selenium Implicit Wait" library="SeleniumLibrary">
<var>${implicittime}</var>
<doc>Gets the implicit wait value used by Selenium.</doc>
<msg timestamp="20230710 17:46:56.846" level="INFO">${implicittime} = 0 seconds</msg>
<status status="PASS" starttime="20230710 17:46:56.846" endtime="20230710 17:46:56.846"/>
</kw>
<kw name="Log To Console" library="BuiltIn">
<arg>${implicittime}</arg>
<doc>Logs the given message to the console.</doc>
<status status="PASS" starttime="20230710 17:46:56.846" endtime="20230710 17:46:56.846"/>
</kw>
<kw name="Set Selenium Implicit Wait" library="SeleniumLibrary">
<arg>10seconds</arg>
<doc>Sets the implicit wait value used by Selenium.</doc>
<status status="PASS" starttime="20230710 17:46:56.846" endtime="20230710 17:46:56.854"/>
</kw>
<kw name="Get Selenium Implicit Wait" library="SeleniumLibrary">
<var>${implicittime}</var>
<doc>Gets the implicit wait value used by Selenium.</doc>
<msg timestamp="20230710 17:46:56.854" level="INFO">${implicittime} = 10 seconds</msg>
<status status="PASS" starttime="20230710 17:46:56.854" endtime="20230710 17:46:56.854"/>
</kw>
<kw name="Log To Console" library="BuiltIn">
<arg>${implicittime}</arg>
<doc>Logs the given message to the console.</doc>
<status status="PASS" starttime="20230710 17:46:56.854" endtime="20230710 17:46:56.862"/>
</kw>
<kw name="Select Radio Button" library="SeleniumLibrary">
<arg>Gender</arg>
<arg>M</arg>
<doc>Sets the radio button group ``group_name`` to ``value``.</doc>
<msg timestamp="20230710 17:46:56.862" level="INFO">Selecting 'M' from radio button 'Gender'.</msg>
<status status="PASS" starttime="20230710 17:46:56.862" endtime="20230710 17:46:57.017"/>
</kw>
<kw name="Input Text" library="SeleniumLibrary">
<arg>id:FirstName</arg>
<arg>ttpvt</arg>
<doc>Types the given ``text`` into the text field identified by ``locator``.</doc>
<msg timestamp="20230710 17:46:57.025" level="INFO">Typing text 'ttpvt' into text field 'id:FirstName'.</msg>
<status status="PASS" starttime="20230710 17:46:57.017" endtime="20230710 17:46:57.220"/>
</kw>
<kw name="Input Text" library="SeleniumLibrary">
<arg>id:LastName</arg>
<arg>gokul</arg>
<doc>Types the given ``text`` into the text field identified by ``locator``.</doc>
<msg timestamp="20230710 17:46:57.220" level="INFO">Typing text 'gokul' into text field 'id:LastName'.</msg>
<status status="PASS" starttime="20230710 17:46:57.220" endtime="20230710 17:46:57.400"/>
</kw>
<kw name="Input Text" library="SeleniumLibrary">
<arg>id:Email</arg>
<arg>ttpvt_gd01@yopmail.com</arg>
<doc>Types the given ``text`` into the text field identified by ``locator``.</doc>
<msg timestamp="20230710 17:46:57.408" level="INFO">Typing text 'ttpvt_gd01@yopmail.com' into text field 'id:Email'.</msg>
<status status="PASS" starttime="20230710 17:46:57.400" endtime="20230710 17:46:57.645"/>
</kw>
<kw name="Input Password" library="SeleniumLibrary">
<arg>id:Password</arg>
<arg>Ttpvt_gd01@yopmail.com</arg>
<doc>Types the given password into the text field identified by ``locator``.</doc>
<msg timestamp="20230710 17:46:57.645" level="INFO">Typing password into text field 'id:Password'.</msg>
<msg timestamp="20230710 17:46:57.718" level="INFO">Temporally setting log level to: NONE</msg>
<msg timestamp="20230710 17:46:57.848" level="INFO">Log level changed from NONE to INFO.</msg>
<status status="PASS" starttime="20230710 17:46:57.645" endtime="20230710 17:46:57.848"/>
</kw>
<kw name="Input Password" library="SeleniumLibrary">
<arg>id:ConfirmPassword</arg>
<arg>Ttpvt_gd01@yopmail.com</arg>
<doc>Types the given password into the text field identified by ``locator``.</doc>
<msg timestamp="20230710 17:46:57.848" level="INFO">Typing password into text field 'id:ConfirmPassword'.</msg>
<msg timestamp="20230710 17:46:57.913" level="INFO">Temporally setting log level to: NONE</msg>
<msg timestamp="20230710 17:46:57.994" level="INFO">Log level changed from NONE to INFO.</msg>
<status status="PASS" starttime="20230710 17:46:57.848" endtime="20230710 17:46:57.994"/>
</kw>
<kw name="Click Button" library="SeleniumLibrary">
<arg>id:register-button</arg>
<doc>Clicks the button identified by ``locator``.</doc>
<msg timestamp="20230710 17:46:58.002" level="INFO">Clicking button 'id:register-button'.</msg>
<status status="PASS" starttime="20230710 17:46:57.994" endtime="20230710 17:46:58.726"/>
</kw>
<status status="PASS" starttime="20230710 17:46:53.087" endtime="20230710 17:46:58.734"/>
</test>
<status status="PASS" starttime="20230710 17:46:52.638" endtime="20230710 17:46:58.734"/>
</suite>
<status status="PASS" starttime="20230710 17:46:52.632" endtime="20230710 17:46:58.742"/>
</suite>
<status status="PASS" starttime="20230710 17:46:52.581" endtime="20230710 17:46:58.742"/>
</suite>
<statistics>
<total>
<stat pass="1" fail="0" skip="0">All Tests</stat>
</total>
<tag>
</tag>
<suite>
<stat pass="1" fail="0" skip="0" id="s1" name="Robotvscode">Robotvscode</stat>
<stat pass="1" fail="0" skip="0" id="s1-s1" name="Test Cases">Robotvscode.Test Cases</stat>
<stat pass="1" fail="0" skip="0" id="s1-s1-s1" name="ImplicitWaitTest">Robotvscode.Test Cases.ImplicitWaitTest</stat>
</suite>
</statistics>
<errors>
</errors>
</robot>
